<?xml version="1.0" encoding="utf-8" ?>
<!DOCTYPE html PUBLIC "-//W3C//DTD XHTML 1.0 Strict//EN"
        "http://www.w3.org/TR/xhtml1/DTD/xhtml1-strict.dtd">
<html xmlns="http://www.w3.org/1999/xhtml" xml:lang="" lang="">
<head>
  <title>Test Results Report - AllPageTest</title>
  <meta http-equiv="Content-Type" content="text/html;charset=utf-8" />
  <meta name="description" content="TestNG unit test results." />
  <link href="reportng.css" rel="stylesheet" type="text/css" />
    <script type="text/javascript" src="reportng.js"></script>
</head>
<body>
<h1>AllPageTest</h1>
<p>
  Test duration: 75.976s
</p>



  <table class="resultsTable">
    <tr><th colspan="3" class="header failed">Failed Tests</th></tr>
          <tr>
        <td colspan="3" class="group">com.nopcommerce.demo.testsuite.ComputersTest</td>
      </tr>
            
<tr>
  <td class="method">
                  verifyProductAddedToShoppingCartSuccessFully
      </td>
  <td class="duration">
    2.088s
  </td>
  <td class="result">
        
    
        

        <a href="javascript:toggleElement('exception-0', 'block')" title="Click to expand/collapse"><b>org.openqa.selenium.StaleElementReferenceException: stale element reference: stale element not found<br/>
&nbsp; (Session info: chrome=114.0.5735.199)<br/>
For documentation on this error, please visit: https://www.selenium.dev/documentation/webdriver/troubleshooting/errors#stale-element-reference-exception<br/>
Build info: version: &apos;4.10.0&apos;, revision: &apos;c14d967899&apos;<br/>
System info: os.name: &apos;Windows 10&apos;, os.arch: &apos;amd64&apos;, os.version: &apos;10.0&apos;, java.version: &apos;1.8.0_121&apos;<br/>
Driver info: org.openqa.selenium.chrome.ChromeDriver<br/>
Command: [8ebbc7d6fa8d8f2c3d1bf1ccc05b1fd3, clickElement {id=F0D90AAF97C1F4B6F9AD4830846AB4E6_element_47}]<br/>
Capabilities {acceptInsecureCerts: false, browserName: chrome, browserVersion: 114.0.5735.199, chrome: {chromedriverVersion: 114.0.5735.90 (386bc09e8f4f..., userDataDir: C:\Windows\TEMP\scoped_dir6...}, goog:chromeOptions: {debuggerAddress: localhost:64592}, networkConnectionEnabled: false, pageLoadStrategy: normal, platformName: windows, proxy: Proxy(), se:cdp: ws://localhost:64592/devtoo..., se:cdpVersion: 114.0.5735.199, setWindowRect: true, strictFileInteractability: false, timeouts: {implicit: 0, pageLoad: 300000, script: 30000}, unhandledPromptBehavior: dismiss and notify, webauthn:extension:credBlob: true, webauthn:extension:largeBlob: true, webauthn:extension:minPinLength: true, webauthn:extension:prf: true, webauthn:virtualAuthenticators: true}<br/>
Element: [[ChromeDriver: chrome on windows (8ebbc7d6fa8d8f2c3d1bf1ccc05b1fd3)] -&gt; xpath: //body/div[6]/div[3]/div[1]/div[3]/div[1]/div[2]/div[2]/div[2]/div[1]/div[1]/div[1]/div[1]/div[2]/div[3]/div[2]/button[1]]<br/>
Session ID: 8ebbc7d6fa8d8f2c3d1bf1ccc05b1fd3</b></a><br />
    <div class="stackTrace" id="exception-0">
              sun.reflect.NativeConstructorAccessorImpl.newInstance0(Native Method)<br />
              sun.reflect.NativeConstructorAccessorImpl.newInstance(NativeConstructorAccessorImpl.java:62)<br />
              sun.reflect.DelegatingConstructorAccessorImpl.newInstance(DelegatingConstructorAccessorImpl.java:45)<br />
              java.lang.reflect.Constructor.newInstance(Constructor.java:423)<br />
              org.openqa.selenium.remote.codec.w3c.W3CHttpResponseCodec.createException(W3CHttpResponseCodec.java:199)<br />
              org.openqa.selenium.remote.codec.w3c.W3CHttpResponseCodec.decode(W3CHttpResponseCodec.java:132)<br />
              org.openqa.selenium.remote.codec.w3c.W3CHttpResponseCodec.decode(W3CHttpResponseCodec.java:51)<br />
              org.openqa.selenium.remote.HttpCommandExecutor.execute(HttpCommandExecutor.java:191)<br />
              org.openqa.selenium.remote.service.DriverCommandExecutor.invokeExecute(DriverCommandExecutor.java:196)<br />
              org.openqa.selenium.remote.service.DriverCommandExecutor.execute(DriverCommandExecutor.java:171)<br />
              org.openqa.selenium.remote.RemoteWebDriver.execute(RemoteWebDriver.java:531)<br />
              org.openqa.selenium.remote.RemoteWebElement.execute(RemoteWebElement.java:242)<br />
              org.openqa.selenium.remote.RemoteWebElement.click(RemoteWebElement.java:77)<br />
              sun.reflect.NativeMethodAccessorImpl.invoke0(Native Method)<br />
              sun.reflect.NativeMethodAccessorImpl.invoke(NativeMethodAccessorImpl.java:62)<br />
              sun.reflect.DelegatingMethodAccessorImpl.invoke(DelegatingMethodAccessorImpl.java:43)<br />
              java.lang.reflect.Method.invoke(Method.java:498)<br />
              org.openqa.selenium.support.pagefactory.internal.LocatingElementHandler.invoke(LocatingElementHandler.java:51)<br />
              com.sun.proxy.$Proxy16.click(Unknown Source)<br />
              com.nopcommerce.demo.utilities.Utility.clickOnElement(Utility.java:51)<br />
              com.nopcommerce.demo.pages.Computers.addOnCart(Computers.java:220)<br />
              com.nopcommerce.demo.testsuite.ComputersTest.verifyProductAddedToShoppingCartSuccessFully(ComputersTest.java:50)<br />
              sun.reflect.NativeMethodAccessorImpl.invoke0(Native Method)<br />
              sun.reflect.NativeMethodAccessorImpl.invoke(NativeMethodAccessorImpl.java:62)<br />
              sun.reflect.DelegatingMethodAccessorImpl.invoke(DelegatingMethodAccessorImpl.java:43)<br />
              java.lang.reflect.Method.invoke(Method.java:498)<br />
              org.testng.internal.invokers.MethodInvocationHelper.invokeMethod(MethodInvocationHelper.java:135)<br />
              org.testng.internal.invokers.TestInvoker.invokeMethod(TestInvoker.java:673)<br />
              org.testng.internal.invokers.TestInvoker.invokeTestMethod(TestInvoker.java:220)<br />
              org.testng.internal.invokers.MethodRunner.runInSequence(MethodRunner.java:50)<br />
              org.testng.internal.invokers.TestInvoker$MethodInvocationAgent.invoke(TestInvoker.java:945)<br />
              org.testng.internal.invokers.TestInvoker.invokeTestMethods(TestInvoker.java:193)<br />
              org.testng.internal.invokers.TestMethodWorker.invokeTestMethods(TestMethodWorker.java:146)<br />
              org.testng.internal.invokers.TestMethodWorker.run(TestMethodWorker.java:128)<br />
              java.util.ArrayList.forEach(ArrayList.java:1249)<br />
              org.testng.TestRunner.privateRun(TestRunner.java:808)<br />
              org.testng.TestRunner.run(TestRunner.java:603)<br />
              org.testng.SuiteRunner.runTest(SuiteRunner.java:429)<br />
              org.testng.SuiteRunner.runSequentially(SuiteRunner.java:423)<br />
              org.testng.SuiteRunner.privateRun(SuiteRunner.java:383)<br />
              org.testng.SuiteRunner.run(SuiteRunner.java:326)<br />
              org.testng.SuiteRunnerWorker.runSuite(SuiteRunnerWorker.java:52)<br />
              org.testng.SuiteRunnerWorker.run(SuiteRunnerWorker.java:95)<br />
              org.testng.TestNG.runSuitesSequentially(TestNG.java:1249)<br />
              org.testng.TestNG.runSuitesLocally(TestNG.java:1169)<br />
              org.testng.TestNG.runSuites(TestNG.java:1092)<br />
              org.testng.TestNG.run(TestNG.java:1060)<br />
              com.intellij.rt.testng.IDEARemoteTestNG.run(IDEARemoteTestNG.java:66)<br />
              com.intellij.rt.testng.RemoteTestNGStarter.main(RemoteTestNGStarter.java:105)<br />
                </div>
      </td>
</tr>
<tr>
  <td class="method">
                  verifyProductArrangeInAlphaBaticalOrder
      </td>
  <td class="duration">
    1.578s
  </td>
  <td class="result">
        
    
        

        <a href="javascript:toggleElement('exception-1', 'block')" title="Click to expand/collapse"><b>java.lang.ClassCastException: com.sun.proxy.$Proxy16 cannot be cast to org.openqa.selenium.By</b></a><br />
    <div class="stackTrace" id="exception-1">
              com.nopcommerce.demo.pages.Computers.selectNameZtoA(Computers.java:208)<br />
              com.nopcommerce.demo.testsuite.ComputersTest.verifyProductArrangeInAlphaBaticalOrder(ComputersTest.java:33)<br />
              sun.reflect.NativeMethodAccessorImpl.invoke0(Native Method)<br />
              sun.reflect.NativeMethodAccessorImpl.invoke(NativeMethodAccessorImpl.java:62)<br />
              sun.reflect.DelegatingMethodAccessorImpl.invoke(DelegatingMethodAccessorImpl.java:43)<br />
              java.lang.reflect.Method.invoke(Method.java:498)<br />
              org.testng.internal.invokers.MethodInvocationHelper.invokeMethod(MethodInvocationHelper.java:135)<br />
              org.testng.internal.invokers.TestInvoker.invokeMethod(TestInvoker.java:673)<br />
              org.testng.internal.invokers.TestInvoker.invokeTestMethod(TestInvoker.java:220)<br />
              org.testng.internal.invokers.MethodRunner.runInSequence(MethodRunner.java:50)<br />
              org.testng.internal.invokers.TestInvoker$MethodInvocationAgent.invoke(TestInvoker.java:945)<br />
              org.testng.internal.invokers.TestInvoker.invokeTestMethods(TestInvoker.java:193)<br />
              org.testng.internal.invokers.TestMethodWorker.invokeTestMethods(TestMethodWorker.java:146)<br />
              org.testng.internal.invokers.TestMethodWorker.run(TestMethodWorker.java:128)<br />
              java.util.ArrayList.forEach(ArrayList.java:1249)<br />
              org.testng.TestRunner.privateRun(TestRunner.java:808)<br />
              org.testng.TestRunner.run(TestRunner.java:603)<br />
              org.testng.SuiteRunner.runTest(SuiteRunner.java:429)<br />
              org.testng.SuiteRunner.runSequentially(SuiteRunner.java:423)<br />
              org.testng.SuiteRunner.privateRun(SuiteRunner.java:383)<br />
              org.testng.SuiteRunner.run(SuiteRunner.java:326)<br />
              org.testng.SuiteRunnerWorker.runSuite(SuiteRunnerWorker.java:52)<br />
              org.testng.SuiteRunnerWorker.run(SuiteRunnerWorker.java:95)<br />
              org.testng.TestNG.runSuitesSequentially(TestNG.java:1249)<br />
              org.testng.TestNG.runSuitesLocally(TestNG.java:1169)<br />
              org.testng.TestNG.runSuites(TestNG.java:1092)<br />
              org.testng.TestNG.run(TestNG.java:1060)<br />
              com.intellij.rt.testng.IDEARemoteTestNG.run(IDEARemoteTestNG.java:66)<br />
              com.intellij.rt.testng.RemoteTestNGStarter.main(RemoteTestNGStarter.java:105)<br />
                </div>
      </td>
</tr>
          <tr>
        <td colspan="3" class="group">com.nopcommerce.demo.testsuite.ElectronicsTest</td>
      </tr>
            
<tr>
  <td class="method">
                  verifyThatTheProductAddedSuccessfullyAndPlaceOrderSuccessfully
      </td>
  <td class="duration">
    21.200s
  </td>
  <td class="result">
        
    
        

        <a href="javascript:toggleElement('exception-2', 'block')" title="Click to expand/collapse"><b>org.openqa.selenium.json.JsonException: java.lang.reflect.InvocationTargetException<br/>
Build info: version: &apos;4.10.0&apos;, revision: &apos;c14d967899&apos;<br/>
System info: os.name: &apos;Windows 10&apos;, os.arch: &apos;amd64&apos;, os.version: &apos;10.0&apos;, java.version: &apos;1.8.0_121&apos;<br/>
Driver info: org.openqa.selenium.chrome.ChromeDriver<br/>
Command: [e8f364bbcafffcfea9e2469ee987c074, actions {actions=[org.openqa.selenium.interactions.Sequence@26a529dc]}]<br/>
Capabilities {acceptInsecureCerts: false, browserName: chrome, browserVersion: 114.0.5735.199, chrome: {chromedriverVersion: 114.0.5735.90 (386bc09e8f4f..., userDataDir: C:\Windows\TEMP\scoped_dir2...}, goog:chromeOptions: {debuggerAddress: localhost:64643}, networkConnectionEnabled: false, pageLoadStrategy: normal, platformName: windows, proxy: Proxy(), se:cdp: ws://localhost:64643/devtoo..., se:cdpVersion: 114.0.5735.199, setWindowRect: true, strictFileInteractability: false, timeouts: {implicit: 0, pageLoad: 300000, script: 30000}, unhandledPromptBehavior: dismiss and notify, webauthn:extension:credBlob: true, webauthn:extension:largeBlob: true, webauthn:extension:minPinLength: true, webauthn:extension:prf: true, webauthn:virtualAuthenticators: true}<br/>
Session ID: e8f364bbcafffcfea9e2469ee987c074</b></a><br />
    <div class="stackTrace" id="exception-2">
              org.openqa.selenium.json.JsonOutput.convertUsingMethod(JsonOutput.java:395)<br />
              org.openqa.selenium.json.JsonOutput.lambda$new$16(JsonOutput.java:165)<br />
              org.openqa.selenium.json.JsonOutput.write(JsonOutput.java:322)<br />
              org.openqa.selenium.json.JsonOutput.lambda$new$22(JsonOutput.java:185)<br />
              java.util.stream.ForEachOps$ForEachOp$OfRef.accept(ForEachOps.java:184)<br />
              java.util.stream.ReferencePipeline$2$1.accept(ReferencePipeline.java:175)<br />
              java.util.Iterator.forEachRemaining(Iterator.java:116)<br />
              java.util.Spliterators$IteratorSpliterator.forEachRemaining(Spliterators.java:1801)<br />
              java.util.stream.AbstractPipeline.copyInto(AbstractPipeline.java:481)<br />
              java.util.stream.AbstractPipeline.wrapAndCopyInto(AbstractPipeline.java:471)<br />
              java.util.stream.ForEachOps$ForEachOp.evaluateSequential(ForEachOps.java:151)<br />
              java.util.stream.ForEachOps$ForEachOp$OfRef.evaluateSequential(ForEachOps.java:174)<br />
              java.util.stream.AbstractPipeline.evaluate(AbstractPipeline.java:234)<br />
              java.util.stream.ReferencePipeline.forEach(ReferencePipeline.java:418)<br />
              org.openqa.selenium.json.JsonOutput.lambda$new$23(JsonOutput.java:185)<br />
              org.openqa.selenium.json.JsonOutput.write(JsonOutput.java:322)<br />
              org.openqa.selenium.json.JsonOutput.lambda$new$24(JsonOutput.java:203)<br />
              com.google.common.collect.SingletonImmutableBiMap.forEach(SingletonImmutableBiMap.java:68)<br />
              org.openqa.selenium.json.JsonOutput.lambda$new$25(JsonOutput.java:198)<br />
              org.openqa.selenium.json.JsonOutput.write(JsonOutput.java:322)<br />
              org.openqa.selenium.json.JsonOutput.write(JsonOutput.java:313)<br />
              org.openqa.selenium.json.Json.toJson(Json.java:43)<br />
              org.openqa.selenium.remote.codec.AbstractHttpCommandCodec.encode(AbstractHttpCommandCodec.java:256)<br />
              org.openqa.selenium.remote.codec.AbstractHttpCommandCodec.encode(AbstractHttpCommandCodec.java:120)<br />
              org.openqa.selenium.remote.HttpCommandExecutor.execute(HttpCommandExecutor.java:179)<br />
              org.openqa.selenium.remote.service.DriverCommandExecutor.invokeExecute(DriverCommandExecutor.java:196)<br />
              org.openqa.selenium.remote.service.DriverCommandExecutor.execute(DriverCommandExecutor.java:171)<br />
              org.openqa.selenium.remote.RemoteWebDriver.execute(RemoteWebDriver.java:531)<br />
              org.openqa.selenium.remote.RemoteWebDriver.perform(RemoteWebDriver.java:603)<br />
              org.openqa.selenium.interactions.Actions$BuiltAction.perform(Actions.java:585)<br />
              org.openqa.selenium.interactions.Actions.perform(Actions.java:554)<br />
              com.nopcommerce.demo.utilities.Utility.mouseHoverToElement(Utility.java:228)<br />
              com.nopcommerce.demo.pages.Electronics.hoverToCellphones(Electronics.java:121)<br />
              com.nopcommerce.demo.testsuite.ElectronicsTest.verifyThatTheProductAddedSuccessfullyAndPlaceOrderSuccessfully(ElectronicsTest.java:45)<br />
              sun.reflect.NativeMethodAccessorImpl.invoke0(Native Method)<br />
              sun.reflect.NativeMethodAccessorImpl.invoke(NativeMethodAccessorImpl.java:62)<br />
              sun.reflect.DelegatingMethodAccessorImpl.invoke(DelegatingMethodAccessorImpl.java:43)<br />
              java.lang.reflect.Method.invoke(Method.java:498)<br />
              org.testng.internal.invokers.MethodInvocationHelper.invokeMethod(MethodInvocationHelper.java:135)<br />
              org.testng.internal.invokers.TestInvoker.invokeMethod(TestInvoker.java:673)<br />
              org.testng.internal.invokers.TestInvoker.invokeTestMethod(TestInvoker.java:220)<br />
              org.testng.internal.invokers.MethodRunner.runInSequence(MethodRunner.java:50)<br />
              org.testng.internal.invokers.TestInvoker$MethodInvocationAgent.invoke(TestInvoker.java:945)<br />
              org.testng.internal.invokers.TestInvoker.invokeTestMethods(TestInvoker.java:193)<br />
              org.testng.internal.invokers.TestMethodWorker.invokeTestMethods(TestMethodWorker.java:146)<br />
              org.testng.internal.invokers.TestMethodWorker.run(TestMethodWorker.java:128)<br />
              java.util.ArrayList.forEach(ArrayList.java:1249)<br />
              org.testng.TestRunner.privateRun(TestRunner.java:808)<br />
              org.testng.TestRunner.run(TestRunner.java:603)<br />
              org.testng.SuiteRunner.runTest(SuiteRunner.java:429)<br />
              org.testng.SuiteRunner.runSequentially(SuiteRunner.java:423)<br />
              org.testng.SuiteRunner.privateRun(SuiteRunner.java:383)<br />
              org.testng.SuiteRunner.run(SuiteRunner.java:326)<br />
              org.testng.SuiteRunnerWorker.runSuite(SuiteRunnerWorker.java:52)<br />
              org.testng.SuiteRunnerWorker.run(SuiteRunnerWorker.java:95)<br />
              org.testng.TestNG.runSuitesSequentially(TestNG.java:1249)<br />
              org.testng.TestNG.runSuitesLocally(TestNG.java:1169)<br />
              org.testng.TestNG.runSuites(TestNG.java:1092)<br />
              org.testng.TestNG.run(TestNG.java:1060)<br />
              com.intellij.rt.testng.IDEARemoteTestNG.run(IDEARemoteTestNG.java:66)<br />
              com.intellij.rt.testng.RemoteTestNGStarter.main(RemoteTestNGStarter.java:105)<br />
                    <b>Caused by: </b> <a href="javascript:toggleElement('exception-3', 'block')" title="Click to expand/collapse">java.lang.reflect.InvocationTargetException</a><br />
        <div class="stackTrace" id="exception-3">
                      sun.reflect.NativeMethodAccessorImpl.invoke0(Native Method)<br />
                      sun.reflect.NativeMethodAccessorImpl.invoke(NativeMethodAccessorImpl.java:62)<br />
                      sun.reflect.DelegatingMethodAccessorImpl.invoke(DelegatingMethodAccessorImpl.java:43)<br />
                      java.lang.reflect.Method.invoke(Method.java:498)<br />
                      org.openqa.selenium.json.JsonOutput.convertUsingMethod(JsonOutput.java:391)<br />
                      org.openqa.selenium.json.JsonOutput.lambda$new$16(JsonOutput.java:165)<br />
                      org.openqa.selenium.json.JsonOutput.write(JsonOutput.java:322)<br />
                      org.openqa.selenium.json.JsonOutput.lambda$new$22(JsonOutput.java:185)<br />
                      java.util.stream.ForEachOps$ForEachOp$OfRef.accept(ForEachOps.java:184)<br />
                      java.util.stream.ReferencePipeline$2$1.accept(ReferencePipeline.java:175)<br />
                      java.util.Iterator.forEachRemaining(Iterator.java:116)<br />
                      java.util.Spliterators$IteratorSpliterator.forEachRemaining(Spliterators.java:1801)<br />
                      java.util.stream.AbstractPipeline.copyInto(AbstractPipeline.java:481)<br />
                      java.util.stream.AbstractPipeline.wrapAndCopyInto(AbstractPipeline.java:471)<br />
                      java.util.stream.ForEachOps$ForEachOp.evaluateSequential(ForEachOps.java:151)<br />
                      java.util.stream.ForEachOps$ForEachOp$OfRef.evaluateSequential(ForEachOps.java:174)<br />
                      java.util.stream.AbstractPipeline.evaluate(AbstractPipeline.java:234)<br />
                      java.util.stream.ReferencePipeline.forEach(ReferencePipeline.java:418)<br />
                      org.openqa.selenium.json.JsonOutput.lambda$new$23(JsonOutput.java:185)<br />
                      org.openqa.selenium.json.JsonOutput.write(JsonOutput.java:322)<br />
                      org.openqa.selenium.json.JsonOutput.lambda$new$24(JsonOutput.java:203)<br />
                      com.google.common.collect.SingletonImmutableBiMap.forEach(SingletonImmutableBiMap.java:68)<br />
                      org.openqa.selenium.json.JsonOutput.lambda$new$25(JsonOutput.java:198)<br />
                      org.openqa.selenium.json.JsonOutput.write(JsonOutput.java:322)<br />
                      org.openqa.selenium.json.JsonOutput.write(JsonOutput.java:313)<br />
                      org.openqa.selenium.json.Json.toJson(Json.java:43)<br />
                      org.openqa.selenium.remote.codec.AbstractHttpCommandCodec.encode(AbstractHttpCommandCodec.java:256)<br />
                      org.openqa.selenium.remote.codec.AbstractHttpCommandCodec.encode(AbstractHttpCommandCodec.java:120)<br />
                      org.openqa.selenium.remote.HttpCommandExecutor.execute(HttpCommandExecutor.java:179)<br />
                      org.openqa.selenium.remote.service.DriverCommandExecutor.invokeExecute(DriverCommandExecutor.java:196)<br />
                      org.openqa.selenium.remote.service.DriverCommandExecutor.execute(DriverCommandExecutor.java:171)<br />
                      org.openqa.selenium.remote.RemoteWebDriver.execute(RemoteWebDriver.java:531)<br />
                      org.openqa.selenium.remote.RemoteWebDriver.perform(RemoteWebDriver.java:603)<br />
                      org.openqa.selenium.interactions.Actions$BuiltAction.perform(Actions.java:585)<br />
                      org.openqa.selenium.interactions.Actions.perform(Actions.java:554)<br />
                      com.nopcommerce.demo.utilities.Utility.mouseHoverToElement(Utility.java:228)<br />
                      com.nopcommerce.demo.pages.Electronics.hoverToCellphones(Electronics.java:121)<br />
                      com.nopcommerce.demo.testsuite.ElectronicsTest.verifyThatTheProductAddedSuccessfullyAndPlaceOrderSuccessfully(ElectronicsTest.java:45)<br />
                      sun.reflect.NativeMethodAccessorImpl.invoke0(Native Method)<br />
                      sun.reflect.NativeMethodAccessorImpl.invoke(NativeMethodAccessorImpl.java:62)<br />
                      sun.reflect.DelegatingMethodAccessorImpl.invoke(DelegatingMethodAccessorImpl.java:43)<br />
                      java.lang.reflect.Method.invoke(Method.java:498)<br />
                      org.testng.internal.invokers.MethodInvocationHelper.invokeMethod(MethodInvocationHelper.java:135)<br />
                      org.testng.internal.invokers.TestInvoker.invokeMethod(TestInvoker.java:673)<br />
                      org.testng.internal.invokers.TestInvoker.invokeTestMethod(TestInvoker.java:220)<br />
                      org.testng.internal.invokers.MethodRunner.runInSequence(MethodRunner.java:50)<br />
                      org.testng.internal.invokers.TestInvoker$MethodInvocationAgent.invoke(TestInvoker.java:945)<br />
                      org.testng.internal.invokers.TestInvoker.invokeTestMethods(TestInvoker.java:193)<br />
                      org.testng.internal.invokers.TestMethodWorker.invokeTestMethods(TestMethodWorker.java:146)<br />
                      org.testng.internal.invokers.TestMethodWorker.run(TestMethodWorker.java:128)<br />
                      java.util.ArrayList.forEach(ArrayList.java:1249)<br />
                      org.testng.TestRunner.privateRun(TestRunner.java:808)<br />
                      org.testng.TestRunner.run(TestRunner.java:603)<br />
                      org.testng.SuiteRunner.runTest(SuiteRunner.java:429)<br />
                      org.testng.SuiteRunner.runSequentially(SuiteRunner.java:423)<br />
                      org.testng.SuiteRunner.privateRun(SuiteRunner.java:383)<br />
                      org.testng.SuiteRunner.run(SuiteRunner.java:326)<br />
                      org.testng.SuiteRunnerWorker.runSuite(SuiteRunnerWorker.java:52)<br />
                      org.testng.SuiteRunnerWorker.run(SuiteRunnerWorker.java:95)<br />
                      org.testng.TestNG.runSuitesSequentially(TestNG.java:1249)<br />
                      org.testng.TestNG.runSuitesLocally(TestNG.java:1169)<br />
                      org.testng.TestNG.runSuites(TestNG.java:1092)<br />
                      org.testng.TestNG.run(TestNG.java:1060)<br />
                      com.intellij.rt.testng.IDEARemoteTestNG.run(IDEARemoteTestNG.java:66)<br />
                      com.intellij.rt.testng.RemoteTestNGStarter.main(RemoteTestNGStarter.java:105)<br />
                  </div>
              <b>Caused by: </b> <a href="javascript:toggleElement('exception-4', 'block')" title="Click to expand/collapse">org.openqa.selenium.NoSuchElementException: no such element: Unable to locate element: {&quot;method&quot;:&quot;xpath&quot;,&quot;selector&quot;:&quot;//h1[normalize-space()=&apos;Cell phones&apos;]&quot;}<br/>
&nbsp; (Session info: chrome=114.0.5735.199)<br/>
For documentation on this error, please visit: https://www.selenium.dev/documentation/webdriver/troubleshooting/errors#no-such-element-exception<br/>
Build info: version: &apos;4.10.0&apos;, revision: &apos;c14d967899&apos;<br/>
System info: os.name: &apos;Windows 10&apos;, os.arch: &apos;amd64&apos;, os.version: &apos;10.0&apos;, java.version: &apos;1.8.0_121&apos;<br/>
Driver info: org.openqa.selenium.chrome.ChromeDriver<br/>
Command: [e8f364bbcafffcfea9e2469ee987c074, findElement {using=xpath, value=//h1[normalize-space()=&apos;Cell phones&apos;]}]<br/>
Capabilities {acceptInsecureCerts: false, browserName: chrome, browserVersion: 114.0.5735.199, chrome: {chromedriverVersion: 114.0.5735.90 (386bc09e8f4f..., userDataDir: C:\Windows\TEMP\scoped_dir2...}, goog:chromeOptions: {debuggerAddress: localhost:64643}, networkConnectionEnabled: false, pageLoadStrategy: normal, platformName: windows, proxy: Proxy(), se:cdp: ws://localhost:64643/devtoo..., se:cdpVersion: 114.0.5735.199, setWindowRect: true, strictFileInteractability: false, timeouts: {implicit: 0, pageLoad: 300000, script: 30000}, unhandledPromptBehavior: dismiss and notify, webauthn:extension:credBlob: true, webauthn:extension:largeBlob: true, webauthn:extension:minPinLength: true, webauthn:extension:prf: true, webauthn:virtualAuthenticators: true}<br/>
Session ID: e8f364bbcafffcfea9e2469ee987c074</a><br />
        <div class="stackTrace" id="exception-4">
                      sun.reflect.NativeConstructorAccessorImpl.newInstance0(Native Method)<br />
                      sun.reflect.NativeConstructorAccessorImpl.newInstance(NativeConstructorAccessorImpl.java:62)<br />
                      sun.reflect.DelegatingConstructorAccessorImpl.newInstance(DelegatingConstructorAccessorImpl.java:45)<br />
                      java.lang.reflect.Constructor.newInstance(Constructor.java:423)<br />
                      org.openqa.selenium.remote.codec.w3c.W3CHttpResponseCodec.createException(W3CHttpResponseCodec.java:199)<br />
                      org.openqa.selenium.remote.codec.w3c.W3CHttpResponseCodec.decode(W3CHttpResponseCodec.java:132)<br />
                      org.openqa.selenium.remote.codec.w3c.W3CHttpResponseCodec.decode(W3CHttpResponseCodec.java:51)<br />
                      org.openqa.selenium.remote.HttpCommandExecutor.execute(HttpCommandExecutor.java:191)<br />
                      org.openqa.selenium.remote.service.DriverCommandExecutor.invokeExecute(DriverCommandExecutor.java:196)<br />
                      org.openqa.selenium.remote.service.DriverCommandExecutor.execute(DriverCommandExecutor.java:171)<br />
                      org.openqa.selenium.remote.RemoteWebDriver.execute(RemoteWebDriver.java:531)<br />
                      org.openqa.selenium.remote.ElementLocation$ElementFinder$2.findElement(ElementLocation.java:165)<br />
                      org.openqa.selenium.remote.ElementLocation.findElement(ElementLocation.java:59)<br />
                      org.openqa.selenium.remote.RemoteWebDriver.findElement(RemoteWebDriver.java:350)<br />
                      org.openqa.selenium.remote.RemoteWebDriver.findElement(RemoteWebDriver.java:344)<br />
                      org.openqa.selenium.support.pagefactory.DefaultElementLocator.findElement(DefaultElementLocator.java:68)<br />
                      org.openqa.selenium.support.pagefactory.internal.LocatingElementHandler.invoke(LocatingElementHandler.java:38)<br />
                      com.sun.proxy.$Proxy16.getWrappedElement(Unknown Source)<br />
                      org.openqa.selenium.interactions.PointerInput$Origin.asArg(PointerInput.java:275)<br />
                      org.openqa.selenium.interactions.PointerInput$Move.encode(PointerInput.java:224)<br />
                      org.openqa.selenium.interactions.Sequence.encode(Sequence.java:72)<br />
                      org.openqa.selenium.interactions.Sequence.toJson(Sequence.java:81)<br />
                      sun.reflect.NativeMethodAccessorImpl.invoke0(Native Method)<br />
                      sun.reflect.NativeMethodAccessorImpl.invoke(NativeMethodAccessorImpl.java:62)<br />
                      sun.reflect.DelegatingMethodAccessorImpl.invoke(DelegatingMethodAccessorImpl.java:43)<br />
                      java.lang.reflect.Method.invoke(Method.java:498)<br />
                      org.openqa.selenium.json.JsonOutput.convertUsingMethod(JsonOutput.java:391)<br />
                      org.openqa.selenium.json.JsonOutput.lambda$new$16(JsonOutput.java:165)<br />
                      org.openqa.selenium.json.JsonOutput.write(JsonOutput.java:322)<br />
                      org.openqa.selenium.json.JsonOutput.lambda$new$22(JsonOutput.java:185)<br />
                      java.util.stream.ForEachOps$ForEachOp$OfRef.accept(ForEachOps.java:184)<br />
                      java.util.stream.ReferencePipeline$2$1.accept(ReferencePipeline.java:175)<br />
                      java.util.Iterator.forEachRemaining(Iterator.java:116)<br />
                      java.util.Spliterators$IteratorSpliterator.forEachRemaining(Spliterators.java:1801)<br />
                      java.util.stream.AbstractPipeline.copyInto(AbstractPipeline.java:481)<br />
                      java.util.stream.AbstractPipeline.wrapAndCopyInto(AbstractPipeline.java:471)<br />
                      java.util.stream.ForEachOps$ForEachOp.evaluateSequential(ForEachOps.java:151)<br />
                      java.util.stream.ForEachOps$ForEachOp$OfRef.evaluateSequential(ForEachOps.java:174)<br />
                      java.util.stream.AbstractPipeline.evaluate(AbstractPipeline.java:234)<br />
                      java.util.stream.ReferencePipeline.forEach(ReferencePipeline.java:418)<br />
                      org.openqa.selenium.json.JsonOutput.lambda$new$23(JsonOutput.java:185)<br />
                      org.openqa.selenium.json.JsonOutput.write(JsonOutput.java:322)<br />
                      org.openqa.selenium.json.JsonOutput.lambda$new$24(JsonOutput.java:203)<br />
                      com.google.common.collect.SingletonImmutableBiMap.forEach(SingletonImmutableBiMap.java:68)<br />
                      org.openqa.selenium.json.JsonOutput.lambda$new$25(JsonOutput.java:198)<br />
                      org.openqa.selenium.json.JsonOutput.write(JsonOutput.java:322)<br />
                      org.openqa.selenium.json.JsonOutput.write(JsonOutput.java:313)<br />
                      org.openqa.selenium.json.Json.toJson(Json.java:43)<br />
                      org.openqa.selenium.remote.codec.AbstractHttpCommandCodec.encode(AbstractHttpCommandCodec.java:256)<br />
                      org.openqa.selenium.remote.codec.AbstractHttpCommandCodec.encode(AbstractHttpCommandCodec.java:120)<br />
                      org.openqa.selenium.remote.HttpCommandExecutor.execute(HttpCommandExecutor.java:179)<br />
                      org.openqa.selenium.remote.service.DriverCommandExecutor.invokeExecute(DriverCommandExecutor.java:196)<br />
                      org.openqa.selenium.remote.service.DriverCommandExecutor.execute(DriverCommandExecutor.java:171)<br />
                      org.openqa.selenium.remote.RemoteWebDriver.execute(RemoteWebDriver.java:531)<br />
                      org.openqa.selenium.remote.RemoteWebDriver.perform(RemoteWebDriver.java:603)<br />
                      org.openqa.selenium.interactions.Actions$BuiltAction.perform(Actions.java:585)<br />
                      org.openqa.selenium.interactions.Actions.perform(Actions.java:554)<br />
                      com.nopcommerce.demo.utilities.Utility.mouseHoverToElement(Utility.java:228)<br />
                      com.nopcommerce.demo.pages.Electronics.hoverToCellphones(Electronics.java:121)<br />
                      com.nopcommerce.demo.testsuite.ElectronicsTest.verifyThatTheProductAddedSuccessfullyAndPlaceOrderSuccessfully(ElectronicsTest.java:45)<br />
                      sun.reflect.NativeMethodAccessorImpl.invoke0(Native Method)<br />
                      sun.reflect.NativeMethodAccessorImpl.invoke(NativeMethodAccessorImpl.java:62)<br />
                      sun.reflect.DelegatingMethodAccessorImpl.invoke(DelegatingMethodAccessorImpl.java:43)<br />
                      java.lang.reflect.Method.invoke(Method.java:498)<br />
                      org.testng.internal.invokers.MethodInvocationHelper.invokeMethod(MethodInvocationHelper.java:135)<br />
                      org.testng.internal.invokers.TestInvoker.invokeMethod(TestInvoker.java:673)<br />
                      org.testng.internal.invokers.TestInvoker.invokeTestMethod(TestInvoker.java:220)<br />
                      org.testng.internal.invokers.MethodRunner.runInSequence(MethodRunner.java:50)<br />
                      org.testng.internal.invokers.TestInvoker$MethodInvocationAgent.invoke(TestInvoker.java:945)<br />
                      org.testng.internal.invokers.TestInvoker.invokeTestMethods(TestInvoker.java:193)<br />
                      org.testng.internal.invokers.TestMethodWorker.invokeTestMethods(TestMethodWorker.java:146)<br />
                      org.testng.internal.invokers.TestMethodWorker.run(TestMethodWorker.java:128)<br />
                      java.util.ArrayList.forEach(ArrayList.java:1249)<br />
                      org.testng.TestRunner.privateRun(TestRunner.java:808)<br />
                      org.testng.TestRunner.run(TestRunner.java:603)<br />
                      org.testng.SuiteRunner.runTest(SuiteRunner.java:429)<br />
                      org.testng.SuiteRunner.runSequentially(SuiteRunner.java:423)<br />
                      org.testng.SuiteRunner.privateRun(SuiteRunner.java:383)<br />
                      org.testng.SuiteRunner.run(SuiteRunner.java:326)<br />
                      org.testng.SuiteRunnerWorker.runSuite(SuiteRunnerWorker.java:52)<br />
                      org.testng.SuiteRunnerWorker.run(SuiteRunnerWorker.java:95)<br />
                      org.testng.TestNG.runSuitesSequentially(TestNG.java:1249)<br />
                      org.testng.TestNG.runSuitesLocally(TestNG.java:1169)<br />
                      org.testng.TestNG.runSuites(TestNG.java:1092)<br />
                      org.testng.TestNG.run(TestNG.java:1060)<br />
                      com.intellij.rt.testng.IDEARemoteTestNG.run(IDEARemoteTestNG.java:66)<br />
                      com.intellij.rt.testng.RemoteTestNGStarter.main(RemoteTestNGStarter.java:105)<br />
                  </div>
          </div>
      </td>
</tr>
<tr>
  <td class="method">
                  verifyUserShouldNavigateToCellPhonesPageSuccessfully
      </td>
  <td class="duration">
    21.833s
  </td>
  <td class="result">
        
    
        

        <a href="javascript:toggleElement('exception-5', 'block')" title="Click to expand/collapse"><b>org.openqa.selenium.json.JsonException: java.lang.reflect.InvocationTargetException<br/>
Build info: version: &apos;4.10.0&apos;, revision: &apos;c14d967899&apos;<br/>
System info: os.name: &apos;Windows 10&apos;, os.arch: &apos;amd64&apos;, os.version: &apos;10.0&apos;, java.version: &apos;1.8.0_121&apos;<br/>
Driver info: org.openqa.selenium.chrome.ChromeDriver<br/>
Command: [abd49afda439b563f53e7c38b878effb, actions {actions=[org.openqa.selenium.interactions.Sequence@cda0432]}]<br/>
Capabilities {acceptInsecureCerts: false, browserName: chrome, browserVersion: 114.0.5735.199, chrome: {chromedriverVersion: 114.0.5735.90 (386bc09e8f4f..., userDataDir: C:\Windows\TEMP\scoped_dir1...}, goog:chromeOptions: {debuggerAddress: localhost:64674}, networkConnectionEnabled: false, pageLoadStrategy: normal, platformName: windows, proxy: Proxy(), se:cdp: ws://localhost:64674/devtoo..., se:cdpVersion: 114.0.5735.199, setWindowRect: true, strictFileInteractability: false, timeouts: {implicit: 0, pageLoad: 300000, script: 30000}, unhandledPromptBehavior: dismiss and notify, webauthn:extension:credBlob: true, webauthn:extension:largeBlob: true, webauthn:extension:minPinLength: true, webauthn:extension:prf: true, webauthn:virtualAuthenticators: true}<br/>
Session ID: abd49afda439b563f53e7c38b878effb</b></a><br />
    <div class="stackTrace" id="exception-5">
              org.openqa.selenium.json.JsonOutput.convertUsingMethod(JsonOutput.java:395)<br />
              org.openqa.selenium.json.JsonOutput.lambda$new$16(JsonOutput.java:165)<br />
              org.openqa.selenium.json.JsonOutput.write(JsonOutput.java:322)<br />
              org.openqa.selenium.json.JsonOutput.lambda$new$22(JsonOutput.java:185)<br />
              java.util.stream.ForEachOps$ForEachOp$OfRef.accept(ForEachOps.java:184)<br />
              java.util.stream.ReferencePipeline$2$1.accept(ReferencePipeline.java:175)<br />
              java.util.Iterator.forEachRemaining(Iterator.java:116)<br />
              java.util.Spliterators$IteratorSpliterator.forEachRemaining(Spliterators.java:1801)<br />
              java.util.stream.AbstractPipeline.copyInto(AbstractPipeline.java:481)<br />
              java.util.stream.AbstractPipeline.wrapAndCopyInto(AbstractPipeline.java:471)<br />
              java.util.stream.ForEachOps$ForEachOp.evaluateSequential(ForEachOps.java:151)<br />
              java.util.stream.ForEachOps$ForEachOp$OfRef.evaluateSequential(ForEachOps.java:174)<br />
              java.util.stream.AbstractPipeline.evaluate(AbstractPipeline.java:234)<br />
              java.util.stream.ReferencePipeline.forEach(ReferencePipeline.java:418)<br />
              org.openqa.selenium.json.JsonOutput.lambda$new$23(JsonOutput.java:185)<br />
              org.openqa.selenium.json.JsonOutput.write(JsonOutput.java:322)<br />
              org.openqa.selenium.json.JsonOutput.lambda$new$24(JsonOutput.java:203)<br />
              com.google.common.collect.SingletonImmutableBiMap.forEach(SingletonImmutableBiMap.java:68)<br />
              org.openqa.selenium.json.JsonOutput.lambda$new$25(JsonOutput.java:198)<br />
              org.openqa.selenium.json.JsonOutput.write(JsonOutput.java:322)<br />
              org.openqa.selenium.json.JsonOutput.write(JsonOutput.java:313)<br />
              org.openqa.selenium.json.Json.toJson(Json.java:43)<br />
              org.openqa.selenium.remote.codec.AbstractHttpCommandCodec.encode(AbstractHttpCommandCodec.java:256)<br />
              org.openqa.selenium.remote.codec.AbstractHttpCommandCodec.encode(AbstractHttpCommandCodec.java:120)<br />
              org.openqa.selenium.remote.HttpCommandExecutor.execute(HttpCommandExecutor.java:179)<br />
              org.openqa.selenium.remote.service.DriverCommandExecutor.invokeExecute(DriverCommandExecutor.java:196)<br />
              org.openqa.selenium.remote.service.DriverCommandExecutor.execute(DriverCommandExecutor.java:171)<br />
              org.openqa.selenium.remote.RemoteWebDriver.execute(RemoteWebDriver.java:531)<br />
              org.openqa.selenium.remote.RemoteWebDriver.perform(RemoteWebDriver.java:603)<br />
              org.openqa.selenium.interactions.Actions$BuiltAction.perform(Actions.java:585)<br />
              org.openqa.selenium.interactions.Actions.perform(Actions.java:554)<br />
              com.nopcommerce.demo.utilities.Utility.mouseHoverToElement(Utility.java:228)<br />
              com.nopcommerce.demo.pages.Electronics.hoverToCellphones(Electronics.java:121)<br />
              com.nopcommerce.demo.testsuite.ElectronicsTest.verifyUserShouldNavigateToCellPhonesPageSuccessfully(ElectronicsTest.java:32)<br />
              sun.reflect.NativeMethodAccessorImpl.invoke0(Native Method)<br />
              sun.reflect.NativeMethodAccessorImpl.invoke(NativeMethodAccessorImpl.java:62)<br />
              sun.reflect.DelegatingMethodAccessorImpl.invoke(DelegatingMethodAccessorImpl.java:43)<br />
              java.lang.reflect.Method.invoke(Method.java:498)<br />
              org.testng.internal.invokers.MethodInvocationHelper.invokeMethod(MethodInvocationHelper.java:135)<br />
              org.testng.internal.invokers.TestInvoker.invokeMethod(TestInvoker.java:673)<br />
              org.testng.internal.invokers.TestInvoker.invokeTestMethod(TestInvoker.java:220)<br />
              org.testng.internal.invokers.MethodRunner.runInSequence(MethodRunner.java:50)<br />
              org.testng.internal.invokers.TestInvoker$MethodInvocationAgent.invoke(TestInvoker.java:945)<br />
              org.testng.internal.invokers.TestInvoker.invokeTestMethods(TestInvoker.java:193)<br />
              org.testng.internal.invokers.TestMethodWorker.invokeTestMethods(TestMethodWorker.java:146)<br />
              org.testng.internal.invokers.TestMethodWorker.run(TestMethodWorker.java:128)<br />
              java.util.ArrayList.forEach(ArrayList.java:1249)<br />
              org.testng.TestRunner.privateRun(TestRunner.java:808)<br />
              org.testng.TestRunner.run(TestRunner.java:603)<br />
              org.testng.SuiteRunner.runTest(SuiteRunner.java:429)<br />
              org.testng.SuiteRunner.runSequentially(SuiteRunner.java:423)<br />
              org.testng.SuiteRunner.privateRun(SuiteRunner.java:383)<br />
              org.testng.SuiteRunner.run(SuiteRunner.java:326)<br />
              org.testng.SuiteRunnerWorker.runSuite(SuiteRunnerWorker.java:52)<br />
              org.testng.SuiteRunnerWorker.run(SuiteRunnerWorker.java:95)<br />
              org.testng.TestNG.runSuitesSequentially(TestNG.java:1249)<br />
              org.testng.TestNG.runSuitesLocally(TestNG.java:1169)<br />
              org.testng.TestNG.runSuites(TestNG.java:1092)<br />
              org.testng.TestNG.run(TestNG.java:1060)<br />
              com.intellij.rt.testng.IDEARemoteTestNG.run(IDEARemoteTestNG.java:66)<br />
              com.intellij.rt.testng.RemoteTestNGStarter.main(RemoteTestNGStarter.java:105)<br />
                    <b>Caused by: </b> <a href="javascript:toggleElement('exception-6', 'block')" title="Click to expand/collapse">java.lang.reflect.InvocationTargetException</a><br />
        <div class="stackTrace" id="exception-6">
                      sun.reflect.NativeMethodAccessorImpl.invoke0(Native Method)<br />
                      sun.reflect.NativeMethodAccessorImpl.invoke(NativeMethodAccessorImpl.java:62)<br />
                      sun.reflect.DelegatingMethodAccessorImpl.invoke(DelegatingMethodAccessorImpl.java:43)<br />
                      java.lang.reflect.Method.invoke(Method.java:498)<br />
                      org.openqa.selenium.json.JsonOutput.convertUsingMethod(JsonOutput.java:391)<br />
                      org.openqa.selenium.json.JsonOutput.lambda$new$16(JsonOutput.java:165)<br />
                      org.openqa.selenium.json.JsonOutput.write(JsonOutput.java:322)<br />
                      org.openqa.selenium.json.JsonOutput.lambda$new$22(JsonOutput.java:185)<br />
                      java.util.stream.ForEachOps$ForEachOp$OfRef.accept(ForEachOps.java:184)<br />
                      java.util.stream.ReferencePipeline$2$1.accept(ReferencePipeline.java:175)<br />
                      java.util.Iterator.forEachRemaining(Iterator.java:116)<br />
                      java.util.Spliterators$IteratorSpliterator.forEachRemaining(Spliterators.java:1801)<br />
                      java.util.stream.AbstractPipeline.copyInto(AbstractPipeline.java:481)<br />
                      java.util.stream.AbstractPipeline.wrapAndCopyInto(AbstractPipeline.java:471)<br />
                      java.util.stream.ForEachOps$ForEachOp.evaluateSequential(ForEachOps.java:151)<br />
                      java.util.stream.ForEachOps$ForEachOp$OfRef.evaluateSequential(ForEachOps.java:174)<br />
                      java.util.stream.AbstractPipeline.evaluate(AbstractPipeline.java:234)<br />
                      java.util.stream.ReferencePipeline.forEach(ReferencePipeline.java:418)<br />
                      org.openqa.selenium.json.JsonOutput.lambda$new$23(JsonOutput.java:185)<br />
                      org.openqa.selenium.json.JsonOutput.write(JsonOutput.java:322)<br />
                      org.openqa.selenium.json.JsonOutput.lambda$new$24(JsonOutput.java:203)<br />
                      com.google.common.collect.SingletonImmutableBiMap.forEach(SingletonImmutableBiMap.java:68)<br />
                      org.openqa.selenium.json.JsonOutput.lambda$new$25(JsonOutput.java:198)<br />
                      org.openqa.selenium.json.JsonOutput.write(JsonOutput.java:322)<br />
                      org.openqa.selenium.json.JsonOutput.write(JsonOutput.java:313)<br />
                      org.openqa.selenium.json.Json.toJson(Json.java:43)<br />
                      org.openqa.selenium.remote.codec.AbstractHttpCommandCodec.encode(AbstractHttpCommandCodec.java:256)<br />
                      org.openqa.selenium.remote.codec.AbstractHttpCommandCodec.encode(AbstractHttpCommandCodec.java:120)<br />
                      org.openqa.selenium.remote.HttpCommandExecutor.execute(HttpCommandExecutor.java:179)<br />
                      org.openqa.selenium.remote.service.DriverCommandExecutor.invokeExecute(DriverCommandExecutor.java:196)<br />
                      org.openqa.selenium.remote.service.DriverCommandExecutor.execute(DriverCommandExecutor.java:171)<br />
                      org.openqa.selenium.remote.RemoteWebDriver.execute(RemoteWebDriver.java:531)<br />
                      org.openqa.selenium.remote.RemoteWebDriver.perform(RemoteWebDriver.java:603)<br />
                      org.openqa.selenium.interactions.Actions$BuiltAction.perform(Actions.java:585)<br />
                      org.openqa.selenium.interactions.Actions.perform(Actions.java:554)<br />
                      com.nopcommerce.demo.utilities.Utility.mouseHoverToElement(Utility.java:228)<br />
                      com.nopcommerce.demo.pages.Electronics.hoverToCellphones(Electronics.java:121)<br />
                      com.nopcommerce.demo.testsuite.ElectronicsTest.verifyUserShouldNavigateToCellPhonesPageSuccessfully(ElectronicsTest.java:32)<br />
                      sun.reflect.NativeMethodAccessorImpl.invoke0(Native Method)<br />
                      sun.reflect.NativeMethodAccessorImpl.invoke(NativeMethodAccessorImpl.java:62)<br />
                      sun.reflect.DelegatingMethodAccessorImpl.invoke(DelegatingMethodAccessorImpl.java:43)<br />
                      java.lang.reflect.Method.invoke(Method.java:498)<br />
                      org.testng.internal.invokers.MethodInvocationHelper.invokeMethod(MethodInvocationHelper.java:135)<br />
                      org.testng.internal.invokers.TestInvoker.invokeMethod(TestInvoker.java:673)<br />
                      org.testng.internal.invokers.TestInvoker.invokeTestMethod(TestInvoker.java:220)<br />
                      org.testng.internal.invokers.MethodRunner.runInSequence(MethodRunner.java:50)<br />
                      org.testng.internal.invokers.TestInvoker$MethodInvocationAgent.invoke(TestInvoker.java:945)<br />
                      org.testng.internal.invokers.TestInvoker.invokeTestMethods(TestInvoker.java:193)<br />
                      org.testng.internal.invokers.TestMethodWorker.invokeTestMethods(TestMethodWorker.java:146)<br />
                      org.testng.internal.invokers.TestMethodWorker.run(TestMethodWorker.java:128)<br />
                      java.util.ArrayList.forEach(ArrayList.java:1249)<br />
                      org.testng.TestRunner.privateRun(TestRunner.java:808)<br />
                      org.testng.TestRunner.run(TestRunner.java:603)<br />
                      org.testng.SuiteRunner.runTest(SuiteRunner.java:429)<br />
                      org.testng.SuiteRunner.runSequentially(SuiteRunner.java:423)<br />
                      org.testng.SuiteRunner.privateRun(SuiteRunner.java:383)<br />
                      org.testng.SuiteRunner.run(SuiteRunner.java:326)<br />
                      org.testng.SuiteRunnerWorker.runSuite(SuiteRunnerWorker.java:52)<br />
                      org.testng.SuiteRunnerWorker.run(SuiteRunnerWorker.java:95)<br />
                      org.testng.TestNG.runSuitesSequentially(TestNG.java:1249)<br />
                      org.testng.TestNG.runSuitesLocally(TestNG.java:1169)<br />
                      org.testng.TestNG.runSuites(TestNG.java:1092)<br />
                      org.testng.TestNG.run(TestNG.java:1060)<br />
                      com.intellij.rt.testng.IDEARemoteTestNG.run(IDEARemoteTestNG.java:66)<br />
                      com.intellij.rt.testng.RemoteTestNGStarter.main(RemoteTestNGStarter.java:105)<br />
                  </div>
              <b>Caused by: </b> <a href="javascript:toggleElement('exception-7', 'block')" title="Click to expand/collapse">org.openqa.selenium.NoSuchElementException: no such element: Unable to locate element: {&quot;method&quot;:&quot;xpath&quot;,&quot;selector&quot;:&quot;//h1[normalize-space()=&apos;Cell phones&apos;]&quot;}<br/>
&nbsp; (Session info: chrome=114.0.5735.199)<br/>
For documentation on this error, please visit: https://www.selenium.dev/documentation/webdriver/troubleshooting/errors#no-such-element-exception<br/>
Build info: version: &apos;4.10.0&apos;, revision: &apos;c14d967899&apos;<br/>
System info: os.name: &apos;Windows 10&apos;, os.arch: &apos;amd64&apos;, os.version: &apos;10.0&apos;, java.version: &apos;1.8.0_121&apos;<br/>
Driver info: org.openqa.selenium.chrome.ChromeDriver<br/>
Command: [abd49afda439b563f53e7c38b878effb, findElement {using=xpath, value=//h1[normalize-space()=&apos;Cell phones&apos;]}]<br/>
Capabilities {acceptInsecureCerts: false, browserName: chrome, browserVersion: 114.0.5735.199, chrome: {chromedriverVersion: 114.0.5735.90 (386bc09e8f4f..., userDataDir: C:\Windows\TEMP\scoped_dir1...}, goog:chromeOptions: {debuggerAddress: localhost:64674}, networkConnectionEnabled: false, pageLoadStrategy: normal, platformName: windows, proxy: Proxy(), se:cdp: ws://localhost:64674/devtoo..., se:cdpVersion: 114.0.5735.199, setWindowRect: true, strictFileInteractability: false, timeouts: {implicit: 0, pageLoad: 300000, script: 30000}, unhandledPromptBehavior: dismiss and notify, webauthn:extension:credBlob: true, webauthn:extension:largeBlob: true, webauthn:extension:minPinLength: true, webauthn:extension:prf: true, webauthn:virtualAuthenticators: true}<br/>
Session ID: abd49afda439b563f53e7c38b878effb</a><br />
        <div class="stackTrace" id="exception-7">
                      sun.reflect.NativeConstructorAccessorImpl.newInstance0(Native Method)<br />
                      sun.reflect.NativeConstructorAccessorImpl.newInstance(NativeConstructorAccessorImpl.java:62)<br />
                      sun.reflect.DelegatingConstructorAccessorImpl.newInstance(DelegatingConstructorAccessorImpl.java:45)<br />
                      java.lang.reflect.Constructor.newInstance(Constructor.java:423)<br />
                      org.openqa.selenium.remote.codec.w3c.W3CHttpResponseCodec.createException(W3CHttpResponseCodec.java:199)<br />
                      org.openqa.selenium.remote.codec.w3c.W3CHttpResponseCodec.decode(W3CHttpResponseCodec.java:132)<br />
                      org.openqa.selenium.remote.codec.w3c.W3CHttpResponseCodec.decode(W3CHttpResponseCodec.java:51)<br />
                      org.openqa.selenium.remote.HttpCommandExecutor.execute(HttpCommandExecutor.java:191)<br />
                      org.openqa.selenium.remote.service.DriverCommandExecutor.invokeExecute(DriverCommandExecutor.java:196)<br />
                      org.openqa.selenium.remote.service.DriverCommandExecutor.execute(DriverCommandExecutor.java:171)<br />
                      org.openqa.selenium.remote.RemoteWebDriver.execute(RemoteWebDriver.java:531)<br />
                      org.openqa.selenium.remote.ElementLocation$ElementFinder$2.findElement(ElementLocation.java:165)<br />
                      org.openqa.selenium.remote.ElementLocation.findElement(ElementLocation.java:59)<br />
                      org.openqa.selenium.remote.RemoteWebDriver.findElement(RemoteWebDriver.java:350)<br />
                      org.openqa.selenium.remote.RemoteWebDriver.findElement(RemoteWebDriver.java:344)<br />
                      org.openqa.selenium.support.pagefactory.DefaultElementLocator.findElement(DefaultElementLocator.java:68)<br />
                      org.openqa.selenium.support.pagefactory.internal.LocatingElementHandler.invoke(LocatingElementHandler.java:38)<br />
                      com.sun.proxy.$Proxy16.getWrappedElement(Unknown Source)<br />
                      org.openqa.selenium.interactions.PointerInput$Origin.asArg(PointerInput.java:275)<br />
                      org.openqa.selenium.interactions.PointerInput$Move.encode(PointerInput.java:224)<br />
                      org.openqa.selenium.interactions.Sequence.encode(Sequence.java:72)<br />
                      org.openqa.selenium.interactions.Sequence.toJson(Sequence.java:81)<br />
                      sun.reflect.NativeMethodAccessorImpl.invoke0(Native Method)<br />
                      sun.reflect.NativeMethodAccessorImpl.invoke(NativeMethodAccessorImpl.java:62)<br />
                      sun.reflect.DelegatingMethodAccessorImpl.invoke(DelegatingMethodAccessorImpl.java:43)<br />
                      java.lang.reflect.Method.invoke(Method.java:498)<br />
                      org.openqa.selenium.json.JsonOutput.convertUsingMethod(JsonOutput.java:391)<br />
                      org.openqa.selenium.json.JsonOutput.lambda$new$16(JsonOutput.java:165)<br />
                      org.openqa.selenium.json.JsonOutput.write(JsonOutput.java:322)<br />
                      org.openqa.selenium.json.JsonOutput.lambda$new$22(JsonOutput.java:185)<br />
                      java.util.stream.ForEachOps$ForEachOp$OfRef.accept(ForEachOps.java:184)<br />
                      java.util.stream.ReferencePipeline$2$1.accept(ReferencePipeline.java:175)<br />
                      java.util.Iterator.forEachRemaining(Iterator.java:116)<br />
                      java.util.Spliterators$IteratorSpliterator.forEachRemaining(Spliterators.java:1801)<br />
                      java.util.stream.AbstractPipeline.copyInto(AbstractPipeline.java:481)<br />
                      java.util.stream.AbstractPipeline.wrapAndCopyInto(AbstractPipeline.java:471)<br />
                      java.util.stream.ForEachOps$ForEachOp.evaluateSequential(ForEachOps.java:151)<br />
                      java.util.stream.ForEachOps$ForEachOp$OfRef.evaluateSequential(ForEachOps.java:174)<br />
                      java.util.stream.AbstractPipeline.evaluate(AbstractPipeline.java:234)<br />
                      java.util.stream.ReferencePipeline.forEach(ReferencePipeline.java:418)<br />
                      org.openqa.selenium.json.JsonOutput.lambda$new$23(JsonOutput.java:185)<br />
                      org.openqa.selenium.json.JsonOutput.write(JsonOutput.java:322)<br />
                      org.openqa.selenium.json.JsonOutput.lambda$new$24(JsonOutput.java:203)<br />
                      com.google.common.collect.SingletonImmutableBiMap.forEach(SingletonImmutableBiMap.java:68)<br />
                      org.openqa.selenium.json.JsonOutput.lambda$new$25(JsonOutput.java:198)<br />
                      org.openqa.selenium.json.JsonOutput.write(JsonOutput.java:322)<br />
                      org.openqa.selenium.json.JsonOutput.write(JsonOutput.java:313)<br />
                      org.openqa.selenium.json.Json.toJson(Json.java:43)<br />
                      org.openqa.selenium.remote.codec.AbstractHttpCommandCodec.encode(AbstractHttpCommandCodec.java:256)<br />
                      org.openqa.selenium.remote.codec.AbstractHttpCommandCodec.encode(AbstractHttpCommandCodec.java:120)<br />
                      org.openqa.selenium.remote.HttpCommandExecutor.execute(HttpCommandExecutor.java:179)<br />
                      org.openqa.selenium.remote.service.DriverCommandExecutor.invokeExecute(DriverCommandExecutor.java:196)<br />
                      org.openqa.selenium.remote.service.DriverCommandExecutor.execute(DriverCommandExecutor.java:171)<br />
                      org.openqa.selenium.remote.RemoteWebDriver.execute(RemoteWebDriver.java:531)<br />
                      org.openqa.selenium.remote.RemoteWebDriver.perform(RemoteWebDriver.java:603)<br />
                      org.openqa.selenium.interactions.Actions$BuiltAction.perform(Actions.java:585)<br />
                      org.openqa.selenium.interactions.Actions.perform(Actions.java:554)<br />
                      com.nopcommerce.demo.utilities.Utility.mouseHoverToElement(Utility.java:228)<br />
                      com.nopcommerce.demo.pages.Electronics.hoverToCellphones(Electronics.java:121)<br />
                      com.nopcommerce.demo.testsuite.ElectronicsTest.verifyUserShouldNavigateToCellPhonesPageSuccessfully(ElectronicsTest.java:32)<br />
                      sun.reflect.NativeMethodAccessorImpl.invoke0(Native Method)<br />
                      sun.reflect.NativeMethodAccessorImpl.invoke(NativeMethodAccessorImpl.java:62)<br />
                      sun.reflect.DelegatingMethodAccessorImpl.invoke(DelegatingMethodAccessorImpl.java:43)<br />
                      java.lang.reflect.Method.invoke(Method.java:498)<br />
                      org.testng.internal.invokers.MethodInvocationHelper.invokeMethod(MethodInvocationHelper.java:135)<br />
                      org.testng.internal.invokers.TestInvoker.invokeMethod(TestInvoker.java:673)<br />
                      org.testng.internal.invokers.TestInvoker.invokeTestMethod(TestInvoker.java:220)<br />
                      org.testng.internal.invokers.MethodRunner.runInSequence(MethodRunner.java:50)<br />
                      org.testng.internal.invokers.TestInvoker$MethodInvocationAgent.invoke(TestInvoker.java:945)<br />
                      org.testng.internal.invokers.TestInvoker.invokeTestMethods(TestInvoker.java:193)<br />
                      org.testng.internal.invokers.TestMethodWorker.invokeTestMethods(TestMethodWorker.java:146)<br />
                      org.testng.internal.invokers.TestMethodWorker.run(TestMethodWorker.java:128)<br />
                      java.util.ArrayList.forEach(ArrayList.java:1249)<br />
                      org.testng.TestRunner.privateRun(TestRunner.java:808)<br />
                      org.testng.TestRunner.run(TestRunner.java:603)<br />
                      org.testng.SuiteRunner.runTest(SuiteRunner.java:429)<br />
                      org.testng.SuiteRunner.runSequentially(SuiteRunner.java:423)<br />
                      org.testng.SuiteRunner.privateRun(SuiteRunner.java:383)<br />
                      org.testng.SuiteRunner.run(SuiteRunner.java:326)<br />
                      org.testng.SuiteRunnerWorker.runSuite(SuiteRunnerWorker.java:52)<br />
                      org.testng.SuiteRunnerWorker.run(SuiteRunnerWorker.java:95)<br />
                      org.testng.TestNG.runSuitesSequentially(TestNG.java:1249)<br />
                      org.testng.TestNG.runSuitesLocally(TestNG.java:1169)<br />
                      org.testng.TestNG.runSuites(TestNG.java:1092)<br />
                      org.testng.TestNG.run(TestNG.java:1060)<br />
                      com.intellij.rt.testng.IDEARemoteTestNG.run(IDEARemoteTestNG.java:66)<br />
                      com.intellij.rt.testng.RemoteTestNGStarter.main(RemoteTestNGStarter.java:105)<br />
                  </div>
          </div>
      </td>
</tr>
      </table>


  <table class="resultsTable">
    <tr><th colspan="3" class="header passed">Passed Tests</th></tr>
          <tr>
        <td colspan="3" class="group">com.nopcommerce.demo.testsuite.HomePageTest</td>
      </tr>
            
<tr>
  <td class="method">
                  verifyPageNavigation
      </td>
  <td class="duration">
    0.578s
  </td>
  <td class="result">
        
    
        

      </td>
</tr>
      </table>
  
</body>
</html>
